#0 building with "default" instance using docker driver

#1 [internal] load build definition from Dockerfile
#1 DONE 0.0s

#1 [internal] load build definition from Dockerfile
#1 transferring dockerfile: 7.21kB 0.0s done
#1 DONE 0.0s

#2 resolve image config for docker-image://docker.io/docker/dockerfile:1
#2 ...

#3 [auth] docker/dockerfile:pull token for registry-1.docker.io
#3 DONE 0.0s

#2 resolve image config for docker-image://docker.io/docker/dockerfile:1
#2 DONE 2.4s

#4 docker-image://docker.io/docker/dockerfile:1@sha256:9857836c9ee4268391bb5b09f9f157f3c91bb15821bb77969642813b0d00518d
#4 CACHED

#5 [internal] load metadata for docker.io/library/ubuntu:24.04
#5 DONE 0.0s

#6 [internal] load .dockerignore
#6 transferring context: 443B 0.0s done
#6 DONE 0.0s

#7 [base 1/2] FROM docker.io/library/ubuntu:24.04
#7 DONE 0.0s

#8 [internal] load build context
#8 transferring context: 41.13kB 2.2s done
#8 DONE 2.2s

#9 [python 3/4] RUN cd /tmp &&     wget -q https://repo.anaconda.com/miniconda/Miniconda3-latest-Linux-x86_64.sh -O miniconda.sh &&     bash miniconda.sh -b -p /opt/conda &&     rm miniconda.sh &&     /opt/conda/bin/conda clean -afy
#9 CACHED

#10 [python 1/4] RUN     apt-get install     -y --no-install-recommends --no-install-suggests         libbz2-dev         libdb-dev         libffi-dev         libgdbm-dev         liblzma-dev         libncursesw5-dev         libreadline-dev         libsqlite3-dev         libssl-dev         tk-dev         uuid-dev         zlib1g-dev
#10 CACHED

#11 [polyfem_base 1/7] COPY --from=python /usr/local/bin/python3.10 /usr/local/bin/python3.10
#11 CACHED

#12 [base 2/2] RUN     apt-get update &&     apt-get install     -y --no-install-recommends --no-install-suggests         git         openssh-client         build-essential         cmake         python3         wget         curl         ca-certificates         libgmp-dev         libtriangle-dev         libopenblas-dev         libboost-all-dev
#12 CACHED

#13 [python 2/4] RUN cd /tmp &&     curl -O https://www.python.org/ftp/python/3.10.12/Python-3.10.12.tgz &&     tar -xzf Python-3.10.12.tgz &&     cd Python-3.10.12 &&     ./configure --enable-optimizations &&     make -j4 altinstall
#13 CACHED

#14 [python 4/4] RUN conda install -y -c anaconda mkl-include=2021.3.0 &&     conda clean -afy
#14 CACHED

#15 [polyfem_base 2/7] COPY --from=python /usr/local/lib/python3.10 /usr/local/lib/python3.10
#15 CACHED

#16 [mold 1/1] RUN cd /tmp &&     git clone https://github.com/rui314/mold.git &&     mkdir mold/build &&     cd mold/build &&     git checkout v2.4.0 &&     ../install-build-deps.sh &&     cmake -DCMAKE_BUILD_TYPE=Release -DCMAKE_CXX_COMPILER=c++ .. &&     cmake --build . -j4 &&     cmake --install . --prefix /opt/mold
#16 CACHED

#17 [polyfem_base 3/7] COPY --chown=ubuntu ./ /home/ubuntu/polyfem
#17 DONE 0.1s

#18 [polyfem_base 4/7] RUN set -eux;     BOOST_UNDERSCORE=$(echo "1.84.0" | tr . _);     BOOST_URL="https://boostorg.jfrog.io/artifactory/main/release/1.84.0/source/boost_${BOOST_UNDERSCORE}.tar.bz2";     wget -q -O /tmp/boost.tar.bz2 "${BOOST_URL}";     BOOST_SHA256=$(sha256sum /tmp/boost.tar.bz2 | cut -d' ' -f1);     find /home/ubuntu/polyfem -path '*Polysolve/cmake/boost.cmake' -exec         sed -Ei "s/(set\(BOOST_SHA256[[:space:]]+")[0-9a-f]+(".*)/\1${BOOST_SHA256}\2/" {} +
#18 0.220 + echo 1.84.0
#18 0.220 + tr . _
#18 0.221 + BOOST_UNDERSCORE=1_84_0
#18 0.221 + BOOST_URL=https://boostorg.jfrog.io/artifactory/main/release/1.84.0/source/boost_1_84_0.tar.bz2
#18 0.221 + wget -q -O /tmp/boost.tar.bz2 https://boostorg.jfrog.io/artifactory/main/release/1.84.0/source/boost_1_84_0.tar.bz2
#18 2.246 + sha256sum /tmp/boost.tar.bz2
#18 2.246 + cut -d  -f1
#18 2.247 + BOOST_SHA256=79e6d3f986444e5a80afbeccdaf2d1c1cf964baa8d766d20859d653a16c39848
#18 2.247 + find /home/ubuntu/polyfem -path *Polysolve/cmake/boost.cmake -exec sed -Ei s/(set\(BOOST_SHA256[[:space:]]+")[0-9a-f]+(".*)/\179e6d3f986444e5a80afbeccdaf2d1c1cf964baa8d766d20859d653a16c39848\2/ {} +
#18 DONE 2.3s

#19 [polyfem_base 5/7] RUN update-alternatives --install /usr/bin/python python /usr/local/bin/python3.10 1 &&     update-alternatives --install /usr/bin/python python /usr/bin/python3.12 2 &&     update-alternatives --set python /usr/local/bin/python3.10
#19 0.341 update-alternatives: using /usr/local/bin/python3.10 to provide /usr/bin/python (python) in auto mode
#19 0.345 update-alternatives: using /usr/bin/python3.12 to provide /usr/bin/python (python) in auto mode
#19 0.347 update-alternatives: using /usr/local/bin/python3.10 to provide /usr/bin/python (python) in manual mode
#19 DONE 0.4s

#20 [polyfem_base 6/7] WORKDIR /home/ubuntu
#20 DONE 0.0s

#21 [polyfem_base 7/7] RUN     cd /home/ubuntu/polyfem/BML/to_build &&     ./shell_setup.sh &&     . /home/ubuntu/.bashrc
#21 0.434 bash: cannot set terminal process group (1): Inappropriate ioctl for device
#21 0.434 bash: no job control in this shell
#21 0.437 shell is bash
#21 0.437 create ~/.local
#21 0.442 add ~/.local/bin to path
#21 DONE 0.5s

#22 [polyfem_builder 1/2] COPY --from=mold --chown=ubuntu /opt/mold /home/ubuntu/.local
#22 DONE 0.1s

#23 [polyfem_runner 1/3] RUN     apt-get update &&     apt install     -y --no-install-recommends --no-install-suggests         wget         pip         libglu1         libgl1         libxrender1         libxcursor1         libxft-dev         libxi-dev         libxkbcommon-dev         libxinerama1         libx11-6         libxext6         libxt6         libice6
#23 1.001 Hit:1 http://security.ubuntu.com/ubuntu noble-security InRelease
#23 1.393 Hit:2 http://archive.ubuntu.com/ubuntu noble InRelease
#23 1.610 Get:3 http://archive.ubuntu.com/ubuntu noble-updates InRelease [126 kB]
#23 2.578 Hit:4 http://archive.ubuntu.com/ubuntu noble-backports InRelease
#23 2.802 Get:5 http://archive.ubuntu.com/ubuntu noble-updates/universe amd64 Packages [1387 kB]
#23 3.782 Get:6 http://archive.ubuntu.com/ubuntu noble-updates/main amd64 Packages [1408 kB]
#23 4.529 Fetched 2921 kB in 4s (718 kB/s)
#23 4.529 Reading package lists...
#23 5.234 
#23 5.234 WARNING: apt does not have a stable CLI interface. Use with caution in scripts.
#23 5.234 
#23 5.236 Reading package lists...
#23 5.898 Building dependency tree...
#23 6.059 Reading state information...
#23 6.303 wget is already the newest version (1.21.4-1ubuntu4.1).
#23 6.303 libx11-6 is already the newest version (2:1.8.7-1build1).
#23 6.303 libx11-6 set to manually installed.
#23 6.303 libxext6 is already the newest version (2:1.3.4-1build2).
#23 6.303 libxext6 set to manually installed.
#23 6.303 The following additional packages will be installed:
#23 6.303   fontconfig-config fonts-dejavu-core fonts-dejavu-mono libbrotli-dev
#23 6.303   libbz2-dev libdrm-intel1 libdrm-radeon1 libfontconfig-dev libfontconfig1
#23 6.303   libfontconfig1-dev libfreetype-dev libfreetype6 libgbm1 libgl1-mesa-dri
#23 6.303   libglapi-mesa libglvnd0 libglx-mesa0 libglx0 libllvm19 libopengl0
#23 6.304   libpkgconf3 libpng-dev libpng16-16t64 libpthread-stubs0-dev
#23 6.304   libsensors-config libsensors5 libsm6 libvulkan1 libwayland-server0
#23 6.304   libx11-dev libx11-xcb1 libxau-dev libxcb-dri2-0 libxcb-dri3-0 libxcb-glx0
#23 6.304   libxcb-present0 libxcb-randr0 libxcb-shm0 libxcb-sync1 libxcb-xfixes0
#23 6.304   libxcb1-dev libxdmcp-dev libxext-dev libxfixes-dev libxfixes3 libxft2 libxi6
#23 6.304   libxkbcommon0 libxrender-dev libxshmfence1 libxxf86vm1 mesa-libgallium
#23 6.305   pkgconf pkgconf-bin python3-pkg-resources python3-setuptools python3-wheel
#23 6.305   uuid-dev x11-common x11proto-dev xkb-data xorg-sgml-doctools xtrans-dev
#23 6.306 Suggested packages:
#23 6.306   freetype2-doc lm-sensors libx11-doc libxcb-doc libxext-doc
#23 6.306   python-setuptools-doc
#23 6.306 Recommended packages:
#23 6.306   bzip2-doc libgl1-amber-dri libpng-tools mesa-vulkan-drivers | vulkan-icd
#23 6.390 The following NEW packages will be installed:
#23 6.390   fontconfig-config fonts-dejavu-core fonts-dejavu-mono libbrotli-dev
#23 6.391   libbz2-dev libdrm-intel1 libdrm-radeon1 libfontconfig-dev libfontconfig1
#23 6.391   libfontconfig1-dev libfreetype-dev libfreetype6 libgbm1 libgl1
#23 6.391   libgl1-mesa-dri libglapi-mesa libglu1-mesa libglvnd0 libglx-mesa0 libglx0
#23 6.392   libice6 libllvm19 libopengl0 libpkgconf3 libpng-dev libpng16-16t64
#23 6.392   libpthread-stubs0-dev libsensors-config libsensors5 libsm6 libvulkan1
#23 6.392   libwayland-server0 libx11-dev libx11-xcb1 libxau-dev libxcb-dri2-0
#23 6.392   libxcb-dri3-0 libxcb-glx0 libxcb-present0 libxcb-randr0 libxcb-shm0
#23 6.392   libxcb-sync1 libxcb-xfixes0 libxcb1-dev libxcursor1 libxdmcp-dev libxext-dev
#23 6.392   libxfixes-dev libxfixes3 libxft-dev libxft2 libxi-dev libxi6 libxinerama1
#23 6.392   libxkbcommon-dev libxkbcommon0 libxrender-dev libxrender1 libxshmfence1
#23 6.393   libxt6t64 libxxf86vm1 mesa-libgallium pkgconf pkgconf-bin python3-pip
#23 6.394   python3-pkg-resources python3-setuptools python3-wheel uuid-dev x11-common
#23 6.394   x11proto-dev xkb-data xorg-sgml-doctools xtrans-dev
#23 6.874 0 upgraded, 74 newly installed, 0 to remove and 2 not upgraded.
#23 6.874 Need to get 48.1 MB of archives.
#23 6.874 After this operation, 207 MB of additional disk space will be used.
#23 6.874 Get:1 http://archive.ubuntu.com/ubuntu noble-updates/main amd64 python3-pkg-resources all 68.1.2-2ubuntu1.2 [168 kB]
#23 ...

#24 [polyfem_builder 2/2] RUN     export PATH="/home/ubuntu/.local/bin:/usr/local/sbin:/usr/local/bin:/usr/sbin:/usr/bin:/sbin:/bin" &&     mkdir -p /home/ubuntu/polyfem/BML/to_build/cmake_options &&     echo "-DPOLYSOLVE_WITH_MKL=OFF"         >  /home/ubuntu/polyfem/BML/to_build/cmake_options/disable_mkl.txt &&     echo "-DPOLYSOLVE_WITH_PARDISO=OFF"         >> /home/ubuntu/polyfem/BML/to_build/cmake_options/disable_mkl.txt &&     cd /home/ubuntu/polyfem/BML/to_build &&     mkdir -p tmp &&     ./cmake_init.sh 2>&1 | tee ./tmp/cmake.log &&     grep POLYFEM_WITH_REMESHING ./tmp/cmake.log &&     ./compile.sh
#24 0.531 build files location: /home/ubuntu/polyfem/build/
#24 0.600 -- The C compiler identification is GNU 13.3.0
#24 0.639 -- The CXX compiler identification is GNU 13.3.0
#24 0.651 -- Detecting C compiler ABI info
#24 0.714 -- Detecting C compiler ABI info - done
#24 0.722 -- Check for working C compiler: /usr/bin/cc - skipped
#24 0.722 -- Detecting C compile features
#24 0.723 -- Detecting C compile features - done
#24 0.729 -- Detecting CXX compiler ABI info
#24 0.789 -- Detecting CXX compiler ABI info - done
#24 0.797 -- Check for working CXX compiler: /usr/bin/c++ - skipped
#24 0.797 -- Detecting CXX compile features
#24 0.798 -- Detecting CXX compile features - done
#24 0.799 -- Using CPM cache folder: /home/ubuntu/.cache/CPM
#24 0.801 -- Performing Test IS_SUPPORTED_-fdiagnostics-color-always
#24 0.855 -- Performing Test IS_SUPPORTED_-fdiagnostics-color-always - Success
#24 0.856 -- Performing Test IS_SUPPORTED_-fcolor-diagnostics
#24 0.889 -- Performing Test IS_SUPPORTED_-fcolor-diagnostics - Failed
#24 0.889 -- Adding global flags: $<$<COMPILE_LANGUAGE:CXX>:-fdiagnostics-color=always>
#24 0.904 -- Third-party: creating target 'Eigen3::Eigen'
#24 0.904 -- Downloading CPM.cmake to /home/ubuntu/.cache/CPM/cpm/CPM_0.38.1.cmake
#24 1.464 -- CPM: Adding package eigen@3.4.0 (3.4.0 to /home/ubuntu/.cache/CPM/eigen/9cb760a6fcc3143cbb7856ce4548b1cf4b385f2e)
#24 4.845 -- Third-party: creating target 'polysolve'
#24 4.846 -- CPM: Adding package polysolve@0 (a9b49b825fb5ac12c7c227a450869064268b2594 to /home/ubuntu/.cache/CPM/polysolve/6ea77fbea1f302c4a39c6c8a78aec20f7ac8dda5)
#24 5.945 -- Using CPM cache folder: /home/ubuntu/.cache/CPM
#24 5.945 -- Adding global flags: $<$<COMPILE_LANGUAGE:CXX>:-fdiagnostics-color=always>
#24 5.947 -- Performing Test IS_SUPPORTED_-Wall
#24 6.015 -- Performing Test IS_SUPPORTED_-Wall - Success
#24 6.015 -- Performing Test IS_SUPPORTED_-Wextra
#24 6.076 -- Performing Test IS_SUPPORTED_-Wextra - Success
#24 6.077 -- Performing Test IS_SUPPORTED_-pedantic
#24 6.138 -- Performing Test IS_SUPPORTED_-pedantic - Success
#24 6.139 -- Performing Test IS_SUPPORTED_-Wunused
#24 6.202 -- Performing Test IS_SUPPORTED_-Wunused - Success
#24 6.202 -- Performing Test IS_SUPPORTED_-Wno-long-long
#24 6.262 -- Performing Test IS_SUPPORTED_-Wno-long-long - Success
#24 6.262 -- Performing Test IS_SUPPORTED_-Wpointer-arith
#24 6.323 -- Performing Test IS_SUPPORTED_-Wpointer-arith - Success
#24 6.323 -- Performing Test IS_SUPPORTED_-Wformat-2
#24 6.379 -- Performing Test IS_SUPPORTED_-Wformat-2 - Success
#24 6.379 -- Performing Test IS_SUPPORTED_-Wuninitialized
#24 6.435 -- Performing Test IS_SUPPORTED_-Wuninitialized - Success
#24 6.436 -- Performing Test IS_SUPPORTED_-Wcast-qual
#24 6.491 -- Performing Test IS_SUPPORTED_-Wcast-qual - Success
#24 6.491 -- Performing Test IS_SUPPORTED_-Wmissing-noreturn
#24 6.545 -- Performing Test IS_SUPPORTED_-Wmissing-noreturn - Success
#24 6.546 -- Performing Test IS_SUPPORTED_-Wmissing-format-attribute
#24 6.602 -- Performing Test IS_SUPPORTED_-Wmissing-format-attribute - Success
#24 6.602 -- Performing Test IS_SUPPORTED_-Wredundant-decls
#24 6.657 -- Performing Test IS_SUPPORTED_-Wredundant-decls - Success
#24 6.658 -- Performing Test IS_SUPPORTED_-Werror-implicit
#24 6.712 -- Performing Test IS_SUPPORTED_-Werror-implicit - Failed
#24 6.713 -- Performing Test IS_SUPPORTED_-Werror-nonnull
#24 6.786 -- Performing Test IS_SUPPORTED_-Werror-nonnull - Success
#24 6.787 -- Performing Test IS_SUPPORTED_-Werror-init-self
#24 6.840 -- Performing Test IS_SUPPORTED_-Werror-init-self - Success
#24 6.841 -- Performing Test IS_SUPPORTED_-Werror-main
#24 6.895 -- Performing Test IS_SUPPORTED_-Werror-main - Success
#24 6.896 -- Performing Test IS_SUPPORTED_-Werror-missing-braces
#24 6.951 -- Performing Test IS_SUPPORTED_-Werror-missing-braces - Success
#24 6.952 -- Performing Test IS_SUPPORTED_-Werror-sequence-point
#24 7.007 -- Performing Test IS_SUPPORTED_-Werror-sequence-point - Success
#24 7.007 -- Performing Test IS_SUPPORTED_-Werror-return-type
#24 7.062 -- Performing Test IS_SUPPORTED_-Werror-return-type - Success
#24 7.063 -- Performing Test IS_SUPPORTED_-Werror-trigraphs
#24 7.118 -- Performing Test IS_SUPPORTED_-Werror-trigraphs - Success
#24 7.118 -- Performing Test IS_SUPPORTED_-Werror-array-bounds
#24 7.176 -- Performing Test IS_SUPPORTED_-Werror-array-bounds - Success
#24 7.177 -- Performing Test IS_SUPPORTED_-Werror-write-strings
#24 7.236 -- Performing Test IS_SUPPORTED_-Werror-write-strings - Success
#24 7.237 -- Performing Test IS_SUPPORTED_-Werror-address
#24 7.296 -- Performing Test IS_SUPPORTED_-Werror-address - Success
#24 7.296 -- Performing Test IS_SUPPORTED_-Werror-int-to-pointer-cast
#24 7.355 -- Performing Test IS_SUPPORTED_-Werror-int-to-pointer-cast - Success
#24 7.356 -- Performing Test IS_SUPPORTED_-Werror-pointer-to-int-cast
#24 CANCELED

#23 [polyfem_runner 1/3] RUN     apt-get update &&     apt install     -y --no-install-recommends --no-install-suggests         wget         pip         libglu1         libgl1         libxrender1         libxcursor1         libxft-dev         libxi-dev         libxkbcommon-dev         libxinerama1         libx11-6         libxext6         libxt6         libice6
#23 CANCELED
ERROR: failed to solve: Canceled: context canceled
